2018-06-28 11:26:52.982 [main] INFO  org.springframework.data.repository.config.RepositoryConfigurationDelegate - Multiple Spring Data modules found, entering strict repository configuration mode!
2018-06-28 11:26:53.670 [main] INFO  org.apache.coyote.http11.Http11NioProtocol - Initializing ProtocolHandler ["http-nio-8888"]
2018-06-28 11:26:53.678 [main] INFO  org.apache.catalina.core.StandardService - Starting service [Tomcat]
2018-06-28 11:26:53.678 [main] INFO  org.apache.catalina.core.StandardEngine - Starting Servlet Engine: Apache Tomcat/8.5.31
2018-06-28 11:26:53.682 [localhost-startStop-1] INFO  org.apache.catalina.core.AprLifecycleListener - The APR based Apache Tomcat Native library which allows optimal performance in production environments was not found on the java.library.path: [C:\Program Files\Java\jdk1.8.0_101\bin;C:\WINDOWS\Sun\Java\bin;C:\WINDOWS\system32;C:\WINDOWS;D:\Programs\Python\Python36\Scripts\;D:\Programs\Python\Python36\;C:\ProgramData\Oracle\Java\javapath;C:\WINDOWS\system32;C:\WINDOWS;C:\WINDOWS\System32\Wbem;C:\WINDOWS\System32\WindowsPowerShell\v1.0\;C:\Program Files\TortoiseSVN\bin;C:\Program Files (x86)\MySQL\MySQL Fabric 1.5 & MySQL Utilities 1.5\;C:\Program Files (x86)\MySQL\MySQL Fabric 1.5 & MySQL Utilities 1.5\Doctrine extensions for PHP\;d:\Program Files\Git\cmd;C:\Program Files\PuTTY\;D:\Program Files\Redis\;D:\Program Files\maven\apache-maven-3.5.0\bin;C:\Program Files\Java\jdk1.8.0_101\bin;C:\Program Files\Java\jdk1.8.0_101\jre\bin;D:\Program Files\gradle-4.8-all\gradle-4.8\bin;;C:\WINDOWS\System32\OpenSSH\;C:\Program Files (x86)\NVIDIA Corporation\PhysX\Common;C:\Users\ZXZJ\AppData\Local\Microsoft\WindowsApps;;.]
2018-06-28 11:26:53.794 [localhost-startStop-1] INFO  org.apache.catalina.core.ContainerBase.[Tomcat].[localhost].[/] - Initializing Spring embedded WebApplicationContext
2018-06-28 11:26:55.688 [main] INFO  springfox.documentation.spring.web.plugins.DocumentationPluginsBootstrapper - Context refreshed
2018-06-28 11:26:55.702 [main] INFO  springfox.documentation.spring.web.plugins.DocumentationPluginsBootstrapper - Found 1 custom documentation plugin(s)
2018-06-28 11:26:55.728 [main] INFO  springfox.documentation.spring.web.scanners.ApiListingReferenceScanner - Scanning for api listing references
2018-06-28 11:26:55.937 [main] INFO  org.apache.coyote.http11.Http11NioProtocol - Starting ProtocolHandler ["http-nio-8888"]
2018-06-28 11:26:55.961 [main] INFO  org.apache.tomcat.util.net.NioSelectorPool - Using a shared selector for servlet write/read
2018-06-28 11:28:35.097 [main] INFO  org.springframework.data.repository.config.RepositoryConfigurationDelegate - Multiple Spring Data modules found, entering strict repository configuration mode!
2018-06-28 11:28:35.771 [main] INFO  org.apache.coyote.http11.Http11NioProtocol - Initializing ProtocolHandler ["http-nio-8888"]
2018-06-28 11:28:35.781 [main] INFO  org.apache.catalina.core.StandardService - Starting service [Tomcat]
2018-06-28 11:28:35.781 [main] INFO  org.apache.catalina.core.StandardEngine - Starting Servlet Engine: Apache Tomcat/8.5.31
2018-06-28 11:28:35.785 [localhost-startStop-1] INFO  org.apache.catalina.core.AprLifecycleListener - The APR based Apache Tomcat Native library which allows optimal performance in production environments was not found on the java.library.path: [C:\Program Files\Java\jdk1.8.0_101\bin;C:\WINDOWS\Sun\Java\bin;C:\WINDOWS\system32;C:\WINDOWS;D:\Programs\Python\Python36\Scripts\;D:\Programs\Python\Python36\;C:\ProgramData\Oracle\Java\javapath;C:\WINDOWS\system32;C:\WINDOWS;C:\WINDOWS\System32\Wbem;C:\WINDOWS\System32\WindowsPowerShell\v1.0\;C:\Program Files\TortoiseSVN\bin;C:\Program Files (x86)\MySQL\MySQL Fabric 1.5 & MySQL Utilities 1.5\;C:\Program Files (x86)\MySQL\MySQL Fabric 1.5 & MySQL Utilities 1.5\Doctrine extensions for PHP\;d:\Program Files\Git\cmd;C:\Program Files\PuTTY\;D:\Program Files\Redis\;D:\Program Files\maven\apache-maven-3.5.0\bin;C:\Program Files\Java\jdk1.8.0_101\bin;C:\Program Files\Java\jdk1.8.0_101\jre\bin;D:\Program Files\gradle-4.8-all\gradle-4.8\bin;;C:\WINDOWS\System32\OpenSSH\;C:\Program Files (x86)\NVIDIA Corporation\PhysX\Common;C:\Users\ZXZJ\AppData\Local\Microsoft\WindowsApps;;.]
2018-06-28 11:28:35.896 [localhost-startStop-1] INFO  org.apache.catalina.core.ContainerBase.[Tomcat].[localhost].[/] - Initializing Spring embedded WebApplicationContext
2018-06-28 11:28:37.795 [main] INFO  springfox.documentation.spring.web.plugins.DocumentationPluginsBootstrapper - Context refreshed
2018-06-28 11:28:37.811 [main] INFO  springfox.documentation.spring.web.plugins.DocumentationPluginsBootstrapper - Found 1 custom documentation plugin(s)
2018-06-28 11:28:37.835 [main] INFO  springfox.documentation.spring.web.scanners.ApiListingReferenceScanner - Scanning for api listing references
2018-06-28 11:28:38.035 [main] INFO  org.apache.coyote.http11.Http11NioProtocol - Starting ProtocolHandler ["http-nio-8888"]
2018-06-28 11:28:38.049 [main] INFO  org.apache.tomcat.util.net.NioSelectorPool - Using a shared selector for servlet write/read
2018-06-28 11:29:23.010 [http-nio-8888-exec-1] INFO  org.apache.catalina.core.ContainerBase.[Tomcat].[localhost].[/] - Initializing Spring FrameworkServlet 'dispatcherServlet'
2018-06-28 11:29:31.746 [http-nio-8888-exec-5] INFO  com.zaxxer.hikari.HikariDataSource - HikariPool-1 - Starting...
2018-06-28 11:29:31.978 [http-nio-8888-exec-5] INFO  com.zaxxer.hikari.HikariDataSource - HikariPool-1 - Start completed.
2018-06-28 11:31:20.772 [main] INFO  org.springframework.data.repository.config.RepositoryConfigurationDelegate - Multiple Spring Data modules found, entering strict repository configuration mode!
2018-06-28 11:31:21.411 [main] INFO  org.apache.coyote.http11.Http11NioProtocol - Initializing ProtocolHandler ["http-nio-8888"]
2018-06-28 11:31:21.419 [main] INFO  org.apache.catalina.core.StandardService - Starting service [Tomcat]
2018-06-28 11:31:21.419 [main] INFO  org.apache.catalina.core.StandardEngine - Starting Servlet Engine: Apache Tomcat/8.5.31
2018-06-28 11:31:21.424 [localhost-startStop-1] INFO  org.apache.catalina.core.AprLifecycleListener - The APR based Apache Tomcat Native library which allows optimal performance in production environments was not found on the java.library.path: [C:\Program Files\Java\jdk1.8.0_101\bin;C:\WINDOWS\Sun\Java\bin;C:\WINDOWS\system32;C:\WINDOWS;D:\Programs\Python\Python36\Scripts\;D:\Programs\Python\Python36\;C:\ProgramData\Oracle\Java\javapath;C:\WINDOWS\system32;C:\WINDOWS;C:\WINDOWS\System32\Wbem;C:\WINDOWS\System32\WindowsPowerShell\v1.0\;C:\Program Files\TortoiseSVN\bin;C:\Program Files (x86)\MySQL\MySQL Fabric 1.5 & MySQL Utilities 1.5\;C:\Program Files (x86)\MySQL\MySQL Fabric 1.5 & MySQL Utilities 1.5\Doctrine extensions for PHP\;d:\Program Files\Git\cmd;C:\Program Files\PuTTY\;D:\Program Files\Redis\;D:\Program Files\maven\apache-maven-3.5.0\bin;C:\Program Files\Java\jdk1.8.0_101\bin;C:\Program Files\Java\jdk1.8.0_101\jre\bin;D:\Program Files\gradle-4.8-all\gradle-4.8\bin;;C:\WINDOWS\System32\OpenSSH\;C:\Program Files (x86)\NVIDIA Corporation\PhysX\Common;C:\Users\ZXZJ\AppData\Local\Microsoft\WindowsApps;;.]
2018-06-28 11:31:21.587 [localhost-startStop-1] INFO  org.apache.catalina.core.ContainerBase.[Tomcat].[localhost].[/] - Initializing Spring embedded WebApplicationContext
2018-06-28 11:31:23.478 [main] INFO  springfox.documentation.spring.web.plugins.DocumentationPluginsBootstrapper - Context refreshed
2018-06-28 11:31:23.494 [main] INFO  springfox.documentation.spring.web.plugins.DocumentationPluginsBootstrapper - Found 1 custom documentation plugin(s)
2018-06-28 11:31:23.518 [main] INFO  springfox.documentation.spring.web.scanners.ApiListingReferenceScanner - Scanning for api listing references
2018-06-28 11:31:23.690 [main] INFO  org.apache.coyote.http11.Http11NioProtocol - Starting ProtocolHandler ["http-nio-8888"]
2018-06-28 11:31:23.704 [main] INFO  org.apache.tomcat.util.net.NioSelectorPool - Using a shared selector for servlet write/read
2018-06-28 11:31:43.977 [main] INFO  org.springframework.data.repository.config.RepositoryConfigurationDelegate - Multiple Spring Data modules found, entering strict repository configuration mode!
2018-06-28 11:31:44.591 [main] INFO  org.apache.coyote.http11.Http11NioProtocol - Initializing ProtocolHandler ["http-nio-8888"]
2018-06-28 11:31:44.604 [main] INFO  org.apache.catalina.core.StandardService - Starting service [Tomcat]
2018-06-28 11:31:44.604 [main] INFO  org.apache.catalina.core.StandardEngine - Starting Servlet Engine: Apache Tomcat/8.5.31
2018-06-28 11:31:44.612 [localhost-startStop-1] INFO  org.apache.catalina.core.AprLifecycleListener - The APR based Apache Tomcat Native library which allows optimal performance in production environments was not found on the java.library.path: [C:\Program Files\Java\jdk1.8.0_101\bin;C:\WINDOWS\Sun\Java\bin;C:\WINDOWS\system32;C:\WINDOWS;D:\Programs\Python\Python36\Scripts\;D:\Programs\Python\Python36\;C:\ProgramData\Oracle\Java\javapath;C:\WINDOWS\system32;C:\WINDOWS;C:\WINDOWS\System32\Wbem;C:\WINDOWS\System32\WindowsPowerShell\v1.0\;C:\Program Files\TortoiseSVN\bin;C:\Program Files (x86)\MySQL\MySQL Fabric 1.5 & MySQL Utilities 1.5\;C:\Program Files (x86)\MySQL\MySQL Fabric 1.5 & MySQL Utilities 1.5\Doctrine extensions for PHP\;d:\Program Files\Git\cmd;C:\Program Files\PuTTY\;D:\Program Files\Redis\;D:\Program Files\maven\apache-maven-3.5.0\bin;C:\Program Files\Java\jdk1.8.0_101\bin;C:\Program Files\Java\jdk1.8.0_101\jre\bin;D:\Program Files\gradle-4.8-all\gradle-4.8\bin;;C:\WINDOWS\System32\OpenSSH\;C:\Program Files (x86)\NVIDIA Corporation\PhysX\Common;C:\Users\ZXZJ\AppData\Local\Microsoft\WindowsApps;;.]
2018-06-28 11:31:44.738 [localhost-startStop-1] INFO  org.apache.catalina.core.ContainerBase.[Tomcat].[localhost].[/] - Initializing Spring embedded WebApplicationContext
2018-06-28 11:31:46.637 [main] INFO  springfox.documentation.spring.web.plugins.DocumentationPluginsBootstrapper - Context refreshed
2018-06-28 11:31:46.654 [main] INFO  springfox.documentation.spring.web.plugins.DocumentationPluginsBootstrapper - Found 1 custom documentation plugin(s)
2018-06-28 11:31:46.680 [main] INFO  springfox.documentation.spring.web.scanners.ApiListingReferenceScanner - Scanning for api listing references
2018-06-28 11:31:46.874 [main] INFO  org.apache.coyote.http11.Http11NioProtocol - Starting ProtocolHandler ["http-nio-8888"]
2018-06-28 11:31:46.891 [main] INFO  org.apache.tomcat.util.net.NioSelectorPool - Using a shared selector for servlet write/read
2018-06-28 11:32:04.507 [http-nio-8888-exec-1] INFO  org.apache.catalina.core.ContainerBase.[Tomcat].[localhost].[/] - Initializing Spring FrameworkServlet 'dispatcherServlet'
2018-06-28 11:32:04.565 [http-nio-8888-exec-1] INFO  com.zaxxer.hikari.HikariDataSource - HikariPool-1 - Starting...
2018-06-28 11:32:04.802 [http-nio-8888-exec-1] INFO  com.zaxxer.hikari.HikariDataSource - HikariPool-1 - Start completed.
2018-06-28 11:32:49.912 [http-nio-8888-exec-2] INFO  io.lettuce.core.EpollProvider - Starting without optional epoll library
2018-06-28 11:32:49.913 [http-nio-8888-exec-2] INFO  io.lettuce.core.KqueueProvider - Starting without optional kqueue library
2018-06-28 13:40:45.299 [main] INFO  org.springframework.data.repository.config.RepositoryConfigurationDelegate - Multiple Spring Data modules found, entering strict repository configuration mode!
2018-06-28 13:40:46.063 [main] INFO  org.apache.coyote.http11.Http11NioProtocol - Initializing ProtocolHandler ["http-nio-8888"]
2018-06-28 13:40:46.073 [main] INFO  org.apache.catalina.core.StandardService - Starting service [Tomcat]
2018-06-28 13:40:46.074 [main] INFO  org.apache.catalina.core.StandardEngine - Starting Servlet Engine: Apache Tomcat/8.5.31
2018-06-28 13:40:46.078 [localhost-startStop-1] INFO  org.apache.catalina.core.AprLifecycleListener - The APR based Apache Tomcat Native library which allows optimal performance in production environments was not found on the java.library.path: [C:\Program Files\Java\jdk1.8.0_101\bin;C:\WINDOWS\Sun\Java\bin;C:\WINDOWS\system32;C:\WINDOWS;D:\Programs\Python\Python36\Scripts\;D:\Programs\Python\Python36\;C:\ProgramData\Oracle\Java\javapath;C:\WINDOWS\system32;C:\WINDOWS;C:\WINDOWS\System32\Wbem;C:\WINDOWS\System32\WindowsPowerShell\v1.0\;C:\Program Files\TortoiseSVN\bin;C:\Program Files (x86)\MySQL\MySQL Fabric 1.5 & MySQL Utilities 1.5\;C:\Program Files (x86)\MySQL\MySQL Fabric 1.5 & MySQL Utilities 1.5\Doctrine extensions for PHP\;d:\Program Files\Git\cmd;C:\Program Files\PuTTY\;D:\Program Files\Redis\;D:\Program Files\maven\apache-maven-3.5.0\bin;C:\Program Files\Java\jdk1.8.0_101\bin;C:\Program Files\Java\jdk1.8.0_101\jre\bin;D:\Program Files\gradle-4.8-all\gradle-4.8\bin;;C:\WINDOWS\System32\OpenSSH\;C:\Program Files (x86)\NVIDIA Corporation\PhysX\Common;C:\Users\ZXZJ\AppData\Local\Microsoft\WindowsApps;;.]
2018-06-28 13:40:46.179 [localhost-startStop-1] INFO  org.apache.catalina.core.ContainerBase.[Tomcat].[localhost].[/] - Initializing Spring embedded WebApplicationContext
2018-06-28 13:40:48.176 [main] INFO  springfox.documentation.spring.web.plugins.DocumentationPluginsBootstrapper - Context refreshed
2018-06-28 13:40:48.191 [main] INFO  springfox.documentation.spring.web.plugins.DocumentationPluginsBootstrapper - Found 1 custom documentation plugin(s)
2018-06-28 13:40:48.216 [main] INFO  springfox.documentation.spring.web.scanners.ApiListingReferenceScanner - Scanning for api listing references
2018-06-28 13:40:48.411 [main] INFO  org.apache.coyote.http11.Http11NioProtocol - Starting ProtocolHandler ["http-nio-8888"]
2018-06-28 13:40:48.424 [main] INFO  org.apache.tomcat.util.net.NioSelectorPool - Using a shared selector for servlet write/read
2018-06-28 13:41:01.779 [http-nio-8888-exec-1] INFO  org.apache.catalina.core.ContainerBase.[Tomcat].[localhost].[/] - Initializing Spring FrameworkServlet 'dispatcherServlet'
2018-06-28 13:41:09.117 [http-nio-8888-exec-5] INFO  com.zaxxer.hikari.HikariDataSource - DatebookHikariCP - Starting...
2018-06-28 13:41:09.357 [http-nio-8888-exec-5] INFO  com.zaxxer.hikari.HikariDataSource - DatebookHikariCP - Start completed.
2018-06-28 14:01:13.237 [main] INFO  org.springframework.data.repository.config.RepositoryConfigurationDelegate - Multiple Spring Data modules found, entering strict repository configuration mode!
2018-06-28 14:01:13.854 [main] INFO  org.apache.coyote.http11.Http11NioProtocol - Initializing ProtocolHandler ["http-nio-8888"]
2018-06-28 14:01:13.862 [main] INFO  org.apache.catalina.core.StandardService - Starting service [Tomcat]
2018-06-28 14:01:13.862 [main] INFO  org.apache.catalina.core.StandardEngine - Starting Servlet Engine: Apache Tomcat/8.5.31
2018-06-28 14:01:13.867 [localhost-startStop-1] INFO  org.apache.catalina.core.AprLifecycleListener - The APR based Apache Tomcat Native library which allows optimal performance in production environments was not found on the java.library.path: [C:\Program Files\Java\jdk1.8.0_101\bin;C:\WINDOWS\Sun\Java\bin;C:\WINDOWS\system32;C:\WINDOWS;D:\Programs\Python\Python36\Scripts\;D:\Programs\Python\Python36\;C:\ProgramData\Oracle\Java\javapath;C:\WINDOWS\system32;C:\WINDOWS;C:\WINDOWS\System32\Wbem;C:\WINDOWS\System32\WindowsPowerShell\v1.0\;C:\Program Files\TortoiseSVN\bin;C:\Program Files (x86)\MySQL\MySQL Fabric 1.5 & MySQL Utilities 1.5\;C:\Program Files (x86)\MySQL\MySQL Fabric 1.5 & MySQL Utilities 1.5\Doctrine extensions for PHP\;d:\Program Files\Git\cmd;C:\Program Files\PuTTY\;D:\Program Files\Redis\;D:\Program Files\maven\apache-maven-3.5.0\bin;C:\Program Files\Java\jdk1.8.0_101\bin;C:\Program Files\Java\jdk1.8.0_101\jre\bin;D:\Program Files\gradle-4.8-all\gradle-4.8\bin;;C:\WINDOWS\System32\OpenSSH\;C:\Program Files (x86)\NVIDIA Corporation\PhysX\Common;C:\Users\ZXZJ\AppData\Local\Microsoft\WindowsApps;;.]
2018-06-28 14:01:13.963 [localhost-startStop-1] INFO  org.apache.catalina.core.ContainerBase.[Tomcat].[localhost].[/] - Initializing Spring embedded WebApplicationContext
2018-06-28 14:01:15.857 [main] INFO  springfox.documentation.spring.web.plugins.DocumentationPluginsBootstrapper - Context refreshed
2018-06-28 14:01:15.872 [main] INFO  springfox.documentation.spring.web.plugins.DocumentationPluginsBootstrapper - Found 1 custom documentation plugin(s)
2018-06-28 14:01:15.911 [main] INFO  springfox.documentation.spring.web.scanners.ApiListingReferenceScanner - Scanning for api listing references
2018-06-28 14:01:16.109 [main] INFO  org.apache.coyote.http11.Http11NioProtocol - Starting ProtocolHandler ["http-nio-8888"]
2018-06-28 14:01:16.123 [main] INFO  org.apache.tomcat.util.net.NioSelectorPool - Using a shared selector for servlet write/read
2018-06-28 14:03:11.228 [http-nio-8888-exec-1] INFO  org.apache.catalina.core.ContainerBase.[Tomcat].[localhost].[/] - Initializing Spring FrameworkServlet 'dispatcherServlet'
2018-06-28 15:10:48.597 [main] INFO  org.springframework.data.repository.config.RepositoryConfigurationDelegate - Multiple Spring Data modules found, entering strict repository configuration mode!
2018-06-28 15:10:49.331 [main] INFO  org.apache.coyote.http11.Http11NioProtocol - Initializing ProtocolHandler ["http-nio-8888"]
2018-06-28 15:10:49.353 [main] INFO  org.apache.catalina.core.StandardService - Starting service [Tomcat]
2018-06-28 15:10:49.353 [main] INFO  org.apache.catalina.core.StandardEngine - Starting Servlet Engine: Apache Tomcat/8.5.31
2018-06-28 15:10:49.370 [localhost-startStop-1] INFO  org.apache.catalina.core.AprLifecycleListener - The APR based Apache Tomcat Native library which allows optimal performance in production environments was not found on the java.library.path: [C:\Program Files\Java\jdk1.8.0_101\bin;C:\WINDOWS\Sun\Java\bin;C:\WINDOWS\system32;C:\WINDOWS;D:\Programs\Python\Python36\Scripts\;D:\Programs\Python\Python36\;C:\ProgramData\Oracle\Java\javapath;C:\WINDOWS\system32;C:\WINDOWS;C:\WINDOWS\System32\Wbem;C:\WINDOWS\System32\WindowsPowerShell\v1.0\;C:\Program Files\TortoiseSVN\bin;C:\Program Files (x86)\MySQL\MySQL Fabric 1.5 & MySQL Utilities 1.5\;C:\Program Files (x86)\MySQL\MySQL Fabric 1.5 & MySQL Utilities 1.5\Doctrine extensions for PHP\;d:\Program Files\Git\cmd;C:\Program Files\PuTTY\;D:\Program Files\Redis\;D:\Program Files\maven\apache-maven-3.5.0\bin;C:\Program Files\Java\jdk1.8.0_101\bin;C:\Program Files\Java\jdk1.8.0_101\jre\bin;D:\Program Files\gradle-4.8-all\gradle-4.8\bin;;C:\WINDOWS\System32\OpenSSH\;C:\Program Files (x86)\NVIDIA Corporation\PhysX\Common;C:\Users\ZXZJ\AppData\Local\Microsoft\WindowsApps;;.]
2018-06-28 15:10:49.479 [localhost-startStop-1] INFO  org.apache.catalina.core.ContainerBase.[Tomcat].[localhost].[/] - Initializing Spring embedded WebApplicationContext
2018-06-28 15:10:51.734 [main] INFO  springfox.documentation.spring.web.plugins.DocumentationPluginsBootstrapper - Context refreshed
2018-06-28 15:10:51.752 [main] INFO  springfox.documentation.spring.web.plugins.DocumentationPluginsBootstrapper - Found 1 custom documentation plugin(s)
2018-06-28 15:10:51.782 [main] INFO  springfox.documentation.spring.web.scanners.ApiListingReferenceScanner - Scanning for api listing references
2018-06-28 15:10:52.066 [main] INFO  org.apache.coyote.http11.Http11NioProtocol - Starting ProtocolHandler ["http-nio-8888"]
2018-06-28 15:10:52.082 [main] INFO  org.apache.tomcat.util.net.NioSelectorPool - Using a shared selector for servlet write/read
2018-06-28 15:16:31.284 [main] INFO  org.springframework.data.repository.config.RepositoryConfigurationDelegate - Multiple Spring Data modules found, entering strict repository configuration mode!
2018-06-28 15:16:32.025 [main] INFO  org.apache.coyote.http11.Http11NioProtocol - Initializing ProtocolHandler ["http-nio-8888"]
2018-06-28 15:16:32.046 [main] INFO  org.apache.catalina.core.StandardService - Starting service [Tomcat]
2018-06-28 15:16:32.047 [main] INFO  org.apache.catalina.core.StandardEngine - Starting Servlet Engine: Apache Tomcat/8.5.31
2018-06-28 15:16:32.053 [localhost-startStop-1] INFO  org.apache.catalina.core.AprLifecycleListener - The APR based Apache Tomcat Native library which allows optimal performance in production environments was not found on the java.library.path: [C:\Program Files\Java\jdk1.8.0_101\bin;C:\WINDOWS\Sun\Java\bin;C:\WINDOWS\system32;C:\WINDOWS;D:\Programs\Python\Python36\Scripts\;D:\Programs\Python\Python36\;C:\ProgramData\Oracle\Java\javapath;C:\WINDOWS\system32;C:\WINDOWS;C:\WINDOWS\System32\Wbem;C:\WINDOWS\System32\WindowsPowerShell\v1.0\;C:\Program Files\TortoiseSVN\bin;C:\Program Files (x86)\MySQL\MySQL Fabric 1.5 & MySQL Utilities 1.5\;C:\Program Files (x86)\MySQL\MySQL Fabric 1.5 & MySQL Utilities 1.5\Doctrine extensions for PHP\;d:\Program Files\Git\cmd;C:\Program Files\PuTTY\;D:\Program Files\Redis\;D:\Program Files\maven\apache-maven-3.5.0\bin;C:\Program Files\Java\jdk1.8.0_101\bin;C:\Program Files\Java\jdk1.8.0_101\jre\bin;D:\Program Files\gradle-4.8-all\gradle-4.8\bin;;C:\WINDOWS\System32\OpenSSH\;C:\Program Files (x86)\NVIDIA Corporation\PhysX\Common;C:\Users\ZXZJ\AppData\Local\Microsoft\WindowsApps;;.]
2018-06-28 15:16:32.170 [localhost-startStop-1] INFO  org.apache.catalina.core.ContainerBase.[Tomcat].[localhost].[/] - Initializing Spring embedded WebApplicationContext
2018-06-28 15:16:34.442 [main] INFO  springfox.documentation.spring.web.plugins.DocumentationPluginsBootstrapper - Context refreshed
2018-06-28 15:16:34.458 [main] INFO  springfox.documentation.spring.web.plugins.DocumentationPluginsBootstrapper - Found 1 custom documentation plugin(s)
2018-06-28 15:16:34.487 [main] INFO  springfox.documentation.spring.web.scanners.ApiListingReferenceScanner - Scanning for api listing references
2018-06-28 15:16:34.679 [main] INFO  org.apache.coyote.http11.Http11NioProtocol - Starting ProtocolHandler ["http-nio-8888"]
2018-06-28 15:16:34.690 [main] INFO  org.apache.tomcat.util.net.NioSelectorPool - Using a shared selector for servlet write/read
2018-06-28 15:19:50.763 [main] INFO  org.springframework.data.repository.config.RepositoryConfigurationDelegate - Multiple Spring Data modules found, entering strict repository configuration mode!
2018-06-28 15:19:51.402 [main] INFO  org.apache.coyote.http11.Http11NioProtocol - Initializing ProtocolHandler ["http-nio-8888"]
2018-06-28 15:19:51.411 [main] INFO  org.apache.catalina.core.StandardService - Starting service [Tomcat]
2018-06-28 15:19:51.411 [main] INFO  org.apache.catalina.core.StandardEngine - Starting Servlet Engine: Apache Tomcat/8.5.31
2018-06-28 15:19:51.416 [localhost-startStop-1] INFO  org.apache.catalina.core.AprLifecycleListener - The APR based Apache Tomcat Native library which allows optimal performance in production environments was not found on the java.library.path: [C:\Program Files\Java\jdk1.8.0_101\bin;C:\WINDOWS\Sun\Java\bin;C:\WINDOWS\system32;C:\WINDOWS;D:\Programs\Python\Python36\Scripts\;D:\Programs\Python\Python36\;C:\ProgramData\Oracle\Java\javapath;C:\WINDOWS\system32;C:\WINDOWS;C:\WINDOWS\System32\Wbem;C:\WINDOWS\System32\WindowsPowerShell\v1.0\;C:\Program Files\TortoiseSVN\bin;C:\Program Files (x86)\MySQL\MySQL Fabric 1.5 & MySQL Utilities 1.5\;C:\Program Files (x86)\MySQL\MySQL Fabric 1.5 & MySQL Utilities 1.5\Doctrine extensions for PHP\;d:\Program Files\Git\cmd;C:\Program Files\PuTTY\;D:\Program Files\Redis\;D:\Program Files\maven\apache-maven-3.5.0\bin;C:\Program Files\Java\jdk1.8.0_101\bin;C:\Program Files\Java\jdk1.8.0_101\jre\bin;D:\Program Files\gradle-4.8-all\gradle-4.8\bin;;C:\WINDOWS\System32\OpenSSH\;C:\Program Files (x86)\NVIDIA Corporation\PhysX\Common;C:\Users\ZXZJ\AppData\Local\Microsoft\WindowsApps;;.]
2018-06-28 15:19:51.535 [localhost-startStop-1] INFO  org.apache.catalina.core.ContainerBase.[Tomcat].[localhost].[/] - Initializing Spring embedded WebApplicationContext
2018-06-28 15:19:53.839 [main] INFO  springfox.documentation.spring.web.plugins.DocumentationPluginsBootstrapper - Context refreshed
2018-06-28 15:19:53.855 [main] INFO  springfox.documentation.spring.web.plugins.DocumentationPluginsBootstrapper - Found 1 custom documentation plugin(s)
2018-06-28 15:19:53.883 [main] INFO  springfox.documentation.spring.web.scanners.ApiListingReferenceScanner - Scanning for api listing references
2018-06-28 15:19:54.076 [main] INFO  org.apache.coyote.http11.Http11NioProtocol - Starting ProtocolHandler ["http-nio-8888"]
2018-06-28 15:19:54.087 [main] INFO  org.apache.tomcat.util.net.NioSelectorPool - Using a shared selector for servlet write/read
2018-06-28 15:20:54.311 [http-nio-8888-exec-1] INFO  org.apache.catalina.core.ContainerBase.[Tomcat].[localhost].[/] - Initializing Spring FrameworkServlet 'dispatcherServlet'
